<?xml version="1.0" encoding="UTF-8"?>
<!-- Generated by org.testng.reporters.JUnitReportReporter -->
<testsuite hostname="MN-VAIO" name="MavenProject1.TestngClass2" tests="2" failures="0" timestamp="30 Jan 2018 18:25:47 GMT" time="0.025" errors="0">
  <testcase name="add" time="0.022" classname="MavenProject1.TestngClass2"/>
  <testcase name="sub" time="0.003" classname="MavenProject1.TestngClass2"/>
</testsuite> <!-- MavenProject1.TestngClass2 -->
