<?xml version="1.0" encoding="UTF-8"?>
<!-- Generated by org.testng.reporters.JUnitReportReporter -->
<testsuite skipped="0" hostname="MN-VAIO" name="MavenProject1.Testng1" tests="3" failures="0" timestamp="08 Feb 2018 15:02:07 GMT" time="0.024" errors="0">
  <testcase name="sub" time="0.002" classname="MavenProject1.Testng1"/>
  <testcase name="add" time="0.018" classname="MavenProject1.Testng1"/>
  <testcase name="sub1" time="0.004" classname="MavenProject1.Testng1"/>
</testsuite> <!-- MavenProject1.Testng1 -->
