<?xml version="1.0" encoding="UTF-8"?>
<!-- Generated by org.testng.reporters.JUnitReportReporter -->
<testsuite skipped="0" hostname="MN-VAIO" name="com.crm.qa.testcases.LoginPageTest" tests="4" failures="0" timestamp="08 Feb 2018 15:11:13 GMT" time="53.803" errors="0">
  <testcase name="loginPageTitleTest" time="14.818" classname="com.crm.qa.testcases.LoginPageTest"/>
  <testcase name="crmLogoImageTest" time="12.250" classname="com.crm.qa.testcases.LoginPageTest"/>
  <testcase name="loginTest" time="13.692" classname="com.crm.qa.testcases.LoginPageTest"/>
  <testcase name="signUpTest" time="13.043" classname="com.crm.qa.testcases.LoginPageTest"/>
</testsuite> <!-- com.crm.qa.testcases.LoginPageTest -->
