<?xml version="1.0" encoding="UTF-8"?>
<!-- Generated by org.testng.reporters.JUnitReportReporter -->
<testsuite hostname="MN-VAIO" name="MavenProject1.MvnClass1" tests="2" failures="0" timestamp="30 Jan 2018 18:07:20 GMT" time="0.019" errors="0">
  <testcase name="add" time="0.016" classname="MavenProject1.MvnClass1"/>
  <testcase name="sub" time="0.003" classname="MavenProject1.MvnClass1"/>
</testsuite> <!-- MavenProject1.MvnClass1 -->
