<?xml version="1.0" encoding="UTF-8"?>
<!-- Generated by org.testng.reporters.JUnitReportReporter -->
<testsuite skipped="0" hostname="MN-VAIO" name="MavenProject1.Testng2" tests="3" failures="0" timestamp="07 Feb 2018 15:33:56 GMT" time="0.006" errors="0">
  <testcase name="sub" time="0.002" classname="MavenProject1.Testng2"/>
  <testcase name="sub1" time="0.002" classname="MavenProject1.Testng2"/>
  <testcase name="add" time="0.002" classname="MavenProject1.Testng2"/>
</testsuite> <!-- MavenProject1.Testng2 -->
