<?xml version="1.0" encoding="UTF-8"?>
<!-- Generated by org.testng.reporters.JUnitReportReporter -->
<testsuite skipped="2" hostname="MN-VAIO" name="com.crm.qa.testcases.ContactPageTest" tests="3" failures="0" timestamp="08 Feb 2018 13:34:53 GMT" time="20.940" errors="0">
  <testcase name="SelectContactTest" time="20.940" classname="com.crm.qa.testcases.ContactPageTest"/>
  <testcase name="verifyContactPageLabelTest" classname="com.crm.qa.testcases.ContactPageTest">
    <skipped/>
  </testcase> <!-- verifyContactPageLabelTest -->
  <testcase name="validateNewContactTest" classname="com.crm.qa.testcases.ContactPageTest">
    <skipped/>
  </testcase> <!-- validateNewContactTest -->
</testsuite> <!-- com.crm.qa.testcases.ContactPageTest -->
