<?xml version="1.0" encoding="UTF-8"?>
<!-- Generated by org.testng.reporters.JUnitReportReporter -->
<testsuite skipped="1" hostname="MN-VAIO" name="com.crm.qa.testcases.HomePageTest" tests="3" failures="0" timestamp="08 Feb 2018 13:34:53 GMT" time="35.162" errors="0">
  <testcase name="verifyUserNameTest" time="16.791" classname="com.crm.qa.testcases.HomePageTest"/>
  <testcase name="verifyContactsLinkTest" time="18.371" classname="com.crm.qa.testcases.HomePageTest"/>
  <testcase name="verifyHomePageTitleTest" classname="com.crm.qa.testcases.HomePageTest">
    <skipped/>
  </testcase> <!-- verifyHomePageTitleTest -->
</testsuite> <!-- com.crm.qa.testcases.HomePageTest -->
