<?xml version="1.0" encoding="UTF-8"?>
<!-- Generated by org.testng.reporters.JUnitReportReporter -->
<testsuite skipped="0" hostname="MN-VAIO" name="com.crm.qa.testcases.LoginPageTest" tests="4" failures="0" timestamp="08 Feb 2018 13:34:53 GMT" time="52.676" errors="0">
  <testcase name="loginPageTitleTest" time="11.431" classname="com.crm.qa.testcases.LoginPageTest"/>
  <testcase name="crmLogoImageTest" time="12.020" classname="com.crm.qa.testcases.LoginPageTest"/>
  <testcase name="loginTest" time="14.269" classname="com.crm.qa.testcases.LoginPageTest"/>
  <testcase name="signUpTest" time="14.956" classname="com.crm.qa.testcases.LoginPageTest"/>
</testsuite> <!-- com.crm.qa.testcases.LoginPageTest -->
